<?xml version="1.0" encoding="UTF-8"?>
<coverage generated="1656322131113" clover="3.2.0">
  <project timestamp="1656322131113" name="All files">
    <metrics statements="10" coveredstatements="10" conditionals="2" coveredconditionals="2" methods="3" coveredmethods="3" elements="15" coveredelements="15" complexity="0" loc="10" ncloc="10" packages="2" files="3" classes="3"/>
    <package name="ReactLogo">
      <metrics statements="7" coveredstatements="7" conditionals="2" coveredconditionals="2" methods="2" coveredmethods="2"/>
      <file name="ReactLogo.tsx" path="/Users/ramiro.rodriguez/Dev/V_React/boilerplate/react-next-boilerplate/components/ReactLogo/ReactLogo.tsx">
        <metrics statements="4" coveredstatements="4" conditionals="0" coveredconditionals="0" methods="1" coveredmethods="1"/>
        <line num="1" count="1" type="stmt"/>
        <line num="3" count="1" type="stmt"/>
        <line num="4" count="1" type="stmt"/>
        <line num="14" count="1" type="stmt"/>
      </file>
      <file name="ReactLogoLine.tsx" path="/Users/ramiro.rodriguez/Dev/V_React/boilerplate/react-next-boilerplate/components/ReactLogo/ReactLogoLine.tsx">
        <metrics statements="3" coveredstatements="3" conditionals="2" coveredconditionals="2" methods="1" coveredmethods="1"/>
        <line num="5" count="1" type="stmt"/>
        <line num="6" count="3" type="stmt"/>
        <line num="16" count="1" type="stmt"/>
      </file>
    </package>
    <package name="templates">
      <metrics statements="3" coveredstatements="3" conditionals="0" coveredconditionals="0" methods="1" coveredmethods="1"/>
      <file name="BaseComponent.tsx" path="/Users/ramiro.rodriguez/Dev/V_React/boilerplate/react-next-boilerplate/components/templates/BaseComponent.tsx">
        <metrics statements="3" coveredstatements="3" conditionals="0" coveredconditionals="0" methods="1" coveredmethods="1"/>
        <line num="5" count="1" type="stmt"/>
        <line num="6" count="1" type="stmt"/>
        <line num="9" count="1" type="stmt"/>
      </file>
    </package>
  </project>
</coverage>
