{"/Users/ramiro.rodriguez/Dev/V_React/boilerplate/react-next-boilerplate/components/ReactLogo/ReactLogo.tsx": {"path":"/Users/ramiro.rodriguez/Dev/V_React/boilerplate/react-next-boilerplate/components/ReactLogo/ReactLogo.tsx","statementMap":{"0":{"start":{"line":1,"column":43},"end":{"line":1,"column":null}},"1":{"start":{"line":3,"column":28},"end":{"line":12,"column":null}},"2":{"start":{"line":4,"column":2},"end":{"line":10,"column":null}},"3":{"start":{"line":14,"column":15},"end":{"line":14,"column":24}}},"fnMap":{"0":{"name":"(anonymous_1)","decl":{"start":{"line":3,"column":28},"end":{"line":3,"column":34}},"loc":{"start":{"line":3,"column":34},"end":{"line":12,"column":null}}}},"branchMap":{},"s":{"0":1,"1":1,"2":1,"3":1},"f":{"0":1},"b":{}}
,"/Users/ramiro.rodriguez/Dev/V_React/boilerplate/react-next-boilerplate/components/ReactLogo/ReactLogoLine.tsx": {"path":"/Users/ramiro.rodriguez/Dev/V_React/boilerplate/react-next-boilerplate/components/ReactLogo/ReactLogoLine.tsx","statementMap":{"0":{"start":{"line":5,"column":52},"end":{"line":14,"column":null}},"1":{"start":{"line":6,"column":2},"end":{"line":12,"column":null}},"2":{"start":{"line":16,"column":15},"end":{"line":16,"column":28}}},"fnMap":{"0":{"name":"(anonymous_0)","decl":{"start":{"line":5,"column":52},"end":{"line":5,"column":53}},"loc":{"start":{"line":5,"column":71},"end":{"line":14,"column":null}}}},"branchMap":{"0":{"loc":{"start":{"line":10,"column":8},"end":{"line":10,"column":23}},"type":"binary-expr","locations":[{"start":{"line":10,"column":8},"end":{"line":10,"column":17}},{"start":{"line":10,"column":21},"end":{"line":10,"column":23}}]}},"s":{"0":1,"1":3,"2":1},"f":{"0":3},"b":{"0":[3,1]}}
,"/Users/ramiro.rodriguez/Dev/V_React/boilerplate/react-next-boilerplate/components/templates/BaseComponent.tsx": {"path":"/Users/ramiro.rodriguez/Dev/V_React/boilerplate/react-next-boilerplate/components/templates/BaseComponent.tsx","statementMap":{"0":{"start":{"line":5,"column":52},"end":{"line":7,"column":null}},"1":{"start":{"line":6,"column":2},"end":{"line":6,"column":null}},"2":{"start":{"line":9,"column":15},"end":{"line":9,"column":28}}},"fnMap":{"0":{"name":"(anonymous_0)","decl":{"start":{"line":5,"column":52},"end":{"line":5,"column":53}},"loc":{"start":{"line":5,"column":76},"end":{"line":7,"column":null}}}},"branchMap":{},"s":{"0":1,"1":1,"2":1},"f":{"0":1},"b":{}}
}
